<?xml version="1.0" encoding="UTF-8"?>
<testsuite name="com.example.demo.TournamentTrackerApplicationTests" tests="1" skipped="0" failures="0" errors="0" timestamp="2025-11-20T18:12:49.310Z" hostname="Air-von-Dennis" time="0.384">
  <properties/>
  <testcase name="contextLoads()" classname="com.example.demo.TournamentTrackerApplicationTests" time="0.384"/>
  <system-out><![CDATA[19:12:48.804 [Test worker] INFO org.springframework.test.context.support.AnnotationConfigContextLoaderUtils -- Could not detect default configuration classes for test class [com.example.demo.TournamentTrackerApplicationTests]: TournamentTrackerApplicationTests does not declare any static, non-private, non-final, nested classes annotated with @Configuration.
19:12:48.850 [Test worker] INFO org.springframework.boot.test.context.SpringBootTestContextBootstrapper -- Found @SpringBootConfiguration com.example.demo.TournamentTrackerApplication for test class com.example.demo.TournamentTrackerApplicationTests

  .   ____          _            __ _ _
 /\\ / ___'_ __ _ _(_)_ __  __ _ \ \ \ \
( ( )\___ | '_ | '_| | '_ \/ _` | \ \ \ \
 \\/  ___)| |_)| | | | | || (_| |  ) ) ) )
  '  |____| .__|_| |_|_| |_\__, | / / / /
 =========|_|==============|___/=/_/_/_/

 :: Spring Boot ::                (v3.5.6)

2025-11-20T19:12:48.979+01:00  INFO 39983 --- [Tournament Tracker] [    Test worker] c.e.d.TournamentTrackerApplicationTests  : Starting TournamentTrackerApplicationTests using Java 25 with PID 39983 (started by binbaumiii in /Users/binbaumiii/Documents/HTW-Wirtschaftsinformatik/4. Semester/Webtech/Tournament-Tracker/demo)
2025-11-20T19:12:48.979+01:00  INFO 39983 --- [Tournament Tracker] [    Test worker] c.e.d.TournamentTrackerApplicationTests  : No active profile set, falling back to 1 default profile: "default"
2025-11-20T19:12:49.305+01:00  INFO 39983 --- [Tournament Tracker] [    Test worker] c.e.d.TournamentTrackerApplicationTests  : Started TournamentTrackerApplicationTests in 0.409 seconds (process running for 0.807)
]]></system-out>
  <system-err><![CDATA[Mockito is currently self-attaching to enable the inline-mock-maker. This will no longer work in future releases of the JDK. Please add Mockito as an agent to your build as described in Mockito's documentation: https://javadoc.io/doc/org.mockito/mockito-core/latest/org.mockito/org/mockito/Mockito.html#0.3
WARNING: A Java agent has been loaded dynamically (/Users/binbaumiii/.gradle/caches/modules-2/files-2.1/net.bytebuddy/byte-buddy-agent/1.17.7/fbf3d6d649ed37fc9e9c59480a05be0a26e3c2da/byte-buddy-agent-1.17.7.jar)
WARNING: If a serviceability tool is in use, please run with -XX:+EnableDynamicAgentLoading to hide this warning
WARNING: If a serviceability tool is not in use, please run with -Djdk.instrument.traceUsage for more information
WARNING: Dynamic loading of agents will be disallowed by default in a future release
]]></system-err>
</testsuite>
