<?xml version="1.0" encoding="UTF-8"?>
<testsuite name="com.example.demo.TournamentTrackerApplicationTests" tests="1" skipped="0" failures="0" errors="0" timestamp="2026-01-09T15:54:13.161Z" hostname="5837c40e-0b2f-46b2-8109-9e77dc6466b8.fritz.box" time="0.274">
  <properties/>
  <testcase name="contextLoads()" classname="com.example.demo.TournamentTrackerApplicationTests" time="0.274"/>
  <system-out><![CDATA[16:54:04.286 [Test worker] INFO org.springframework.test.context.support.AnnotationConfigContextLoaderUtils -- Could not detect default configuration classes for test class [com.example.demo.TournamentTrackerApplicationTests]: TournamentTrackerApplicationTests does not declare any static, non-private, non-final, nested classes annotated with @Configuration.
16:54:04.355 [Test worker] INFO org.springframework.boot.test.context.SpringBootTestContextBootstrapper -- Found @SpringBootConfiguration com.example.demo.TournamentTrackerApplication for test class com.example.demo.TournamentTrackerApplicationTests

  .   ____          _            __ _ _
 /\\ / ___'_ __ _ _(_)_ __  __ _ \ \ \ \
( ( )\___ | '_ | '_| | '_ \/ _` | \ \ \ \
 \\/  ___)| |_)| | | | | || (_| |  ) ) ) )
  '  |____| .__|_| |_|_| |_\__, | / / / /
 =========|_|==============|___/=/_/_/_/

 :: Spring Boot ::                (v3.5.6)

2026-01-09T16:54:04.521+01:00  INFO 78617 --- [Tournament Tracker] [    Test worker] c.e.d.TournamentTrackerApplicationTests  : Starting TournamentTrackerApplicationTests using Java 25 with PID 78617 (started by binbaumiii in /Users/binbaumiii/Documents/HTW-Wirtschaftsinformatik/4. Semester/Webtech/Tournament-Tracker)
2026-01-09T16:54:04.522+01:00  INFO 78617 --- [Tournament Tracker] [    Test worker] c.e.d.TournamentTrackerApplicationTests  : No active profile set, falling back to 1 default profile: "default"
2026-01-09T16:54:04.798+01:00  INFO 78617 --- [Tournament Tracker] [    Test worker] .s.d.r.c.RepositoryConfigurationDelegate : Bootstrapping Spring Data JPA repositories in DEFAULT mode.
2026-01-09T16:54:04.818+01:00  INFO 78617 --- [Tournament Tracker] [    Test worker] .s.d.r.c.RepositoryConfigurationDelegate : Finished Spring Data repository scanning in 15 ms. Found 1 JPA repository interface.
2026-01-09T16:54:04.974+01:00  INFO 78617 --- [Tournament Tracker] [    Test worker] o.hibernate.jpa.internal.util.LogHelper  : HHH000204: Processing PersistenceUnitInfo [name: default]
2026-01-09T16:54:05.003+01:00  INFO 78617 --- [Tournament Tracker] [    Test worker] org.hibernate.Version                    : HHH000412: Hibernate ORM core version 6.6.29.Final
2026-01-09T16:54:05.019+01:00  INFO 78617 --- [Tournament Tracker] [    Test worker] o.h.c.internal.RegionFactoryInitiator    : HHH000026: Second-level cache disabled
2026-01-09T16:54:05.154+01:00  INFO 78617 --- [Tournament Tracker] [    Test worker] o.s.o.j.p.SpringPersistenceUnitInfo      : No LoadTimeWeaver setup: ignoring JPA class transformer
2026-01-09T16:54:05.167+01:00  INFO 78617 --- [Tournament Tracker] [    Test worker] com.zaxxer.hikari.HikariDataSource       : HikariPool-1 - Starting...
2026-01-09T16:54:07.522+01:00  INFO 78617 --- [Tournament Tracker] [    Test worker] com.zaxxer.hikari.pool.HikariPool        : HikariPool-1 - Added connection org.postgresql.jdbc.PgConnection@646e6d07
2026-01-09T16:54:07.523+01:00  INFO 78617 --- [Tournament Tracker] [    Test worker] com.zaxxer.hikari.HikariDataSource       : HikariPool-1 - Start completed.
2026-01-09T16:54:07.574+01:00  WARN 78617 --- [Tournament Tracker] [    Test worker] org.hibernate.orm.deprecation            : HHH90000025: PostgreSQLDialect does not need to be specified explicitly using 'hibernate.dialect' (remove the property setting and it will be selected by default)
2026-01-09T16:54:07.731+01:00  INFO 78617 --- [Tournament Tracker] [    Test worker] org.hibernate.orm.connections.pooling    : HHH10001005: Database info:
	Database JDBC URL [Connecting through datasource 'HikariDataSource (HikariPool-1)']
	Database driver: undefined/unknown
	Database version: 18.1
	Autocommit mode: undefined/unknown
	Isolation level: undefined/unknown
	Minimum pool size: undefined/unknown
	Maximum pool size: undefined/unknown
2026-01-09T16:54:08.153+01:00  INFO 78617 --- [Tournament Tracker] [    Test worker] o.h.e.t.j.p.i.JtaPlatformInitiator       : HHH000489: No JTA platform available (set 'hibernate.transaction.jta.platform' to enable JTA platform integration)
2026-01-09T16:54:12.848+01:00  INFO 78617 --- [Tournament Tracker] [    Test worker] j.LocalContainerEntityManagerFactoryBean : Initialized JPA EntityManagerFactory for persistence unit 'default'
2026-01-09T16:54:13.155+01:00  INFO 78617 --- [Tournament Tracker] [    Test worker] c.e.d.TournamentTrackerApplicationTests  : Started TournamentTrackerApplicationTests in 8.741 seconds (process running for 9.285)
]]></system-out>
  <system-err><![CDATA[Mockito is currently self-attaching to enable the inline-mock-maker. This will no longer work in future releases of the JDK. Please add Mockito as an agent to your build as described in Mockito's documentation: https://javadoc.io/doc/org.mockito/mockito-core/latest/org.mockito/org/mockito/Mockito.html#0.3
WARNING: A Java agent has been loaded dynamically (/Users/binbaumiii/.gradle/caches/modules-2/files-2.1/net.bytebuddy/byte-buddy-agent/1.17.7/fbf3d6d649ed37fc9e9c59480a05be0a26e3c2da/byte-buddy-agent-1.17.7.jar)
WARNING: If a serviceability tool is in use, please run with -XX:+EnableDynamicAgentLoading to hide this warning
WARNING: If a serviceability tool is not in use, please run with -Djdk.instrument.traceUsage for more information
WARNING: Dynamic loading of agents will be disallowed by default in a future release
]]></system-err>
</testsuite>
